<?xml version="1.0" encoding="UTF-8"?>
<!-- Generated by org.testng.reporters.JUnitReportReporter -->
<testsuite hostname="LAPTOP-BON7O57K" failures="0" tests="3" name="_Package._Java_Class" time="38.986" errors="0" timestamp="2025-12-26T21:32:25 IST" skipped="0">
  <testcase classname="_Package._Java_Class" name="check_title" time="10.301"/>
  <testcase classname="_Package._Java_Class" name="check_url" time="12.499"/>
  <testcase classname="_Package._Java_Class" name="check_h5" time="16.186"/>
</testsuite> <!-- _Package._Java_Class -->
