<?xml version="1.0" encoding="UTF-8"?>
<!-- Generated by org.testng.reporters.JUnitXMLReporter -->
<testsuite ignored="0" hostname="LAPTOP-BON7O57K" failures="0" tests="3" name="Default test" time="39.023" errors="0" timestamp="2025-12-26T21:32:25 IST">
  <testcase classname="_Package._Java_Class" name="check_title" time="0.016"/>
  <testcase classname="_Package._Java_Class" name="check_url" time="0.007"/>
  <testcase classname="_Package._Java_Class" name="check_h5" time="1.333"/>
</testsuite> <!-- Default test -->
