<?xml version="1.0" encoding="UTF-8"?>
<testng-results ignored="0" total="1" passed="1" failed="0" skipped="0">
  <reporter-output>
  </reporter-output>
  <suite started-at="2026-01-07T15:44:17 IST" name="Default suite" finished-at="2026-01-07T15:44:20 IST" duration-ms="2471">
    <groups>
    </groups>
    <test started-at="2026-01-07T15:44:17 IST" name="Default test" finished-at="2026-01-07T15:44:20 IST" duration-ms="2471">
      <class name="Package_RestAssured.RestAssuredClass">
        <test-method signature="getBooks()[pri:0, instance:Package_RestAssured.RestAssuredClass@6743e411]" started-at="2026-01-07T15:44:17 IST" name="getBooks" finished-at="2026-01-07T15:44:20 IST" duration-ms="2443" status="PASS">
          <reporter-output>
          </reporter-output>
        </test-method> <!-- getBooks -->
      </class> <!-- Package_RestAssured.RestAssuredClass -->
    </test> <!-- Default test -->
  </suite> <!-- Default suite -->
</testng-results>
