<?xml version="1.0" encoding="UTF-8"?>
<testng-results ignored="0" total="3" passed="3" failed="0" skipped="0">
  <reporter-output>
  </reporter-output>
  <suite started-at="2025-12-26T21:31:46 IST" name="Default suite" finished-at="2025-12-26T21:32:25 IST" duration-ms="39023">
    <groups>
    </groups>
    <test started-at="2025-12-26T21:31:46 IST" name="Default test" finished-at="2025-12-26T21:32:25 IST" duration-ms="39023">
      <class name="_Package._Java_Class">
        <test-method is-config="true" signature="setup()[pri:0, instance:_Package._Java_Class@1fa121e2]" started-at="2025-12-26T21:31:46 IST" name="setup" finished-at="2025-12-26T21:31:54 IST" duration-ms="8401" status="PASS">
          <reporter-output>
          </reporter-output>
        </test-method> <!-- setup -->
        <test-method signature="check_title()[pri:1, instance:_Package._Java_Class@1fa121e2]" started-at="2025-12-26T21:31:54 IST" name="check_title" finished-at="2025-12-26T21:31:54 IST" duration-ms="16" status="PASS">
          <reporter-output>
          </reporter-output>
        </test-method> <!-- check_title -->
        <test-method is-config="true" signature="end_test()[pri:0, instance:_Package._Java_Class@1fa121e2]" started-at="2025-12-26T21:31:54 IST" name="end_test" finished-at="2025-12-26T21:31:58 IST" duration-ms="4099" status="PASS">
          <reporter-output>
          </reporter-output>
        </test-method> <!-- end_test -->
        <test-method is-config="true" signature="setup()[pri:0, instance:_Package._Java_Class@1fa121e2]" started-at="2025-12-26T21:31:58 IST" name="setup" finished-at="2025-12-26T21:32:04 IST" duration-ms="6186" status="PASS">
          <reporter-output>
          </reporter-output>
        </test-method> <!-- setup -->
        <test-method signature="check_url()[pri:2, instance:_Package._Java_Class@1fa121e2]" started-at="2025-12-26T21:32:04 IST" name="check_url" finished-at="2025-12-26T21:32:04 IST" duration-ms="7" status="PASS">
          <reporter-output>
          </reporter-output>
        </test-method> <!-- check_url -->
        <test-method is-config="true" signature="end_test()[pri:0, instance:_Package._Java_Class@1fa121e2]" started-at="2025-12-26T21:32:04 IST" name="end_test" finished-at="2025-12-26T21:32:08 IST" duration-ms="4055" status="PASS">
          <reporter-output>
          </reporter-output>
        </test-method> <!-- end_test -->
        <test-method is-config="true" signature="setup()[pri:0, instance:_Package._Java_Class@1fa121e2]" started-at="2025-12-26T21:32:08 IST" name="setup" finished-at="2025-12-26T21:32:19 IST" duration-ms="10798" status="PASS">
          <reporter-output>
          </reporter-output>
        </test-method> <!-- setup -->
        <test-method signature="check_h5()[pri:3, instance:_Package._Java_Class@1fa121e2]" started-at="2025-12-26T21:32:19 IST" name="check_h5" finished-at="2025-12-26T21:32:21 IST" duration-ms="1333" status="PASS">
          <reporter-output>
          </reporter-output>
        </test-method> <!-- check_h5 -->
        <test-method is-config="true" signature="end_test()[pri:0, instance:_Package._Java_Class@1fa121e2]" started-at="2025-12-26T21:32:21 IST" name="end_test" finished-at="2025-12-26T21:32:25 IST" duration-ms="4091" status="PASS">
          <reporter-output>
          </reporter-output>
        </test-method> <!-- end_test -->
      </class> <!-- _Package._Java_Class -->
    </test> <!-- Default test -->
  </suite> <!-- Default suite -->
</testng-results>
